Unity Editor version:    6000.5.4f1 (d550df8bd089)
Branch:                  6000.5/staging
Build type:              Release
Batch mode:              NO
macOS version:           Version 26.5.1 (Build 25F80)
Darwin version:          25.5.0
Architecture:            arm64
Running under Rosetta:   NO
Available memory:        16384 MB
Date:                    2026-07-21T13:06:37Z
[Licensing::Module] Trying to connect to existing licensing client channel...
[Licensing::IpcConnector] Successfully connected to: "LicenseClient-sayeh" at "2026-07-21T13:06:37.282795Z"
[Licensing::Client] Error: HandshakeResponse reported an error:
	ResponseCode: 505
	ResponseStatus: Unsupported protocol version '1.18.1'.
[Licensing::Module] Error: Failed to handshake to channel: "LicenseClient-sayeh"
[Licensing::IpcConnector] LicenseClient-sayeh channel disconnected successfully.
[Licensing::IpcConnector] Successfully connected to: "LicenseClient-sayeh-6000.5.4" at "2026-07-21T13:06:37.938024Z"
[Licensing::Module] LicensingClient has failed validation; ignoring

COMMAND LINE ARGUMENTS:
/Applications/Unity/Hub/Editor/6000.5.4f1/Unity.app/Contents/MacOS/Unity
-projectpath
/Users/sayeh/dev/led project /led editor
-acceptSoftwareTermsForThisRunOnly
-useHub
-hubIPC
-cloudEnvironment
production
-licensingIpc
LicenseClient-sayeh
-hubSessionId
5a85e004-44af-4e92-8bab-15534b0ada5e
-accessToken
cm7-04st5BjYo4y6wEeVzaEk7yqgjTXCkVmtLAtZZl4008f
Successfully changed project path to: /Users/sayeh/dev/led project /led editor
/Users/sayeh/dev/led project /led editor
[UnityMemory] Configuration Parameters - Can be set up in boot.config
    "memorysetup-temp-allocator-size-gi-baking-worker=262144"
    "memorysetup-temp-allocator-size-gi-baking-worker=262144"
    "memorysetup-temp-allocator-size-gi-baking-worker=262144"
    "memorysetup-temp-allocator-size-gi-baking-worker=262144"
    "memorysetup-temp-allocator-size-gi-baking-worker=262144"
    "memorysetup-temp-allocator-size-nav-mesh-worker=65536"
    "memorysetup-temp-allocator-size-audio-worker=65536"
    "memorysetup-temp-allocator-size-cloud-worker=32768"
    "memorysetup-allocator-temp-initial-block-size-main=262144"
    "memorysetup-allocator-temp-initial-block-size-worker=262144"
    "memorysetup-temp-allocator-size-preload-manager=33554432"
    "memorysetup-temp-allocator-size-gfx=262144"
    "memorysetup-temp-allocator-size-background-worker=32768"
    "memorysetup-temp-allocator-size-job-worker=262144"
    "memorysetup-bucket-allocator-granularity=16"
    "memorysetup-bucket-allocator-bucket-count=8"
    "memorysetup-bucket-allocator-block-size=33554432"
    "memorysetup-bucket-allocator-block-count=8"
    "memorysetup-main-allocator-block-size=16777216"
    "memorysetup-thread-allocator-block-size=16777216"
    "memorysetup-main-allocator-mimalloc-enabled=0"
    "memorysetup-gfx-main-allocator-block-size=16777216"
    "memorysetup-gfx-thread-allocator-block-size=16777216"
    "memorysetup-cache-allocator-block-size=4194304"
    "memorysetup-typetree-allocator-block-size=2097152"
    "memorysetup-profiler-bucket-allocator-granularity=16"
    "memorysetup-profiler-bucket-allocator-bucket-count=8"
    "memorysetup-profiler-bucket-allocator-block-size=33554432"
    "memorysetup-profiler-bucket-allocator-block-count=8"
    "memorysetup-profiler-allocator-block-size=16777216"
    "memorysetup-profiler-editor-allocator-block-size=1048576"
    "memorysetup-temp-allocator-size-main=16777216"
    "memorysetup-job-temp-allocator-block-size=2097152"
    "memorysetup-job-temp-allocator-block-size-background=1048576"
    "memorysetup-job-temp-allocator-reduction-small-platforms=262144"
Player connection [8432524928]  Target information:

Player connection [8432524928]  * "[IP] 10.10.221.43 [Port] 55504 [Flags] 2 [Guid] 2004797657 [EditorId] 2004797657 [Version] 1048832 [Id] OSXEditor(0,MacBook-Air-de-sayeh.local) [Debug] 1 [PackageName] OSXEditor [ProjectName] Editor" 

Player connection [8432524928]  * "[IP] 169.254.34.120 [Port] 55504 [Flags] 2 [Guid] 2004797657 [EditorId] 2004797657 [Version] 1048832 [Id] OSXEditor(0,MacBook-Air-de-sayeh.local) [Debug] 1 [PackageName] OSXEditor [ProjectName] Editor" 

Player connection [8432524928] Host joined multi-casting on [225.0.0.222:54997]...
Player connection [8432524928] Host joined alternative multi-casting on [225.0.0.222:34997]...
Input System module state changed to: Initialized.
[Physics::Module] Initialized fallback backend.
[Physics::Module] Id: 0xdecafbad
[Package Manager] Connected to IPC stream "Upm-10094" after 1.9 seconds.
[Licensing::Module] Licensing is not yet initialized.
[Licensing::Client] Error: Timed-out after 30.00s, waiting for HandshakeResponse
[Licensing::Module] Error: Failed to handshake to channel: "LicenseClient-sayeh-6000.5.4"
[Licensing::IpcConnector] LicenseClient-sayeh-6000.5.4 channel disconnected successfully.
[Licensing::Module] Error: Licensing initialization failed after 30.66s
[Licensing::Module] Licensing is initialized (took 16.84s).
[Licensing::Module] Error: The connection with the Unity Licensing Client has been lost. Attempting to reconnect.
[Licensing::IpcConnector] Successfully connected to: "LicenseClient-sayeh" at "2026-07-21T13:07:14.818722Z"
[Licensing::Client] Error: HandshakeResponse reported an error:
	ResponseCode: 505
	ResponseStatus: Unsupported protocol version '1.18.1'.
[Licensing::Module] Error: Failed to handshake to channel: "LicenseClient-sayeh"
[Licensing::IpcConnector] LicenseClient-sayeh channel disconnected successfully.
[Licensing::IpcConnector] Successfully connected to: "LicenseClient-sayeh-6000.5.4" at "2026-07-21T13:07:15.167242Z"
[Licensing::Module] LicensingClient has failed validation; ignoring
[Licensing::Client] Error: Timed-out after 30.00s, waiting for HandshakeResponse
[Licensing::Module] Error: Failed to handshake to channel: "LicenseClient-sayeh-6000.5.4"
[Licensing::IpcConnector] LicenseClient-sayeh-6000.5.4 channel disconnected successfully.
[Licensing::Module] The re-connection attempt was UN-successful.
[Licensing::Module] Error: 'com.unity.editor.ui' was not found.
Library Redirect Path: Library/
[Physics::Module] Selected backend.
[Physics::Module] Name: PhysX
[Physics::Module] Id: 0xf2b8ea05
[Physics::Module] SDK Version: 4.1.2
[Physics::Module] Integration Version: 1.0.0
[Physics::Module] Threading Mode: Multi-Threaded
Initialize engine version: 6000.5.4f1 (d550df8bd089)
[Subsystems] Discovering subsystems at path /Applications/Unity/Hub/Editor/6000.5.4f1/Unity.app/Contents/Resources/UnitySubsystems
[Subsystems] Discovering subsystems at path /Users/sayeh/dev/led project /led editor/Assets
GfxDevice: creating device client; kGfxThreadingModeThreaded
 preferred device: Apple M2 (high power)
Metal devices available: 1
0: Apple M2 (high power)
Using device Apple M2 (high power)
Initializing Metal device caps: Apple M2
Mac GPU Family: 2
Apple GPU Family: 8
MSL Version: 3.0
Has Float MSAA: 1
Has Float Filtering: 1
ReadWrite Texture Tier: 2
Initialize mono
Mono path[0] = '/Applications/Unity/Hub/Editor/6000.5.4f1/Unity.app/Contents/Resources/Scripting/Managed'
Mono path[1] = '/Applications/Unity/Hub/Editor/6000.5.4f1/Unity.app/Contents/Resources/Scripting/BCLExtensions/runtime/netstandard2.1'
Mono path[2] = '/Applications/Unity/Hub/Editor/6000.5.4f1/Unity.app/Contents/Resources/Scripting/MonoBleedingEdge/lib/mono/unityjit-macos'
Mono config path = '/Applications/Unity/Hub/Editor/6000.5.4f1/Unity.app/Contents/Resources/Scripting/MonoBleedingEdge/etc'
Using monoOptions --debugger-agent=transport=dt_socket,embedding=1,server=y,suspend=n,address=127.0.0.1:56094
CodeReloadManager initialized
ImportWorker Server TCP listen port: 0
AcceleratorClientConnectionCallback - disconnected - :0
Begin MonoManager ReloadAssembly
Registering precompiled unity dll's ...
Register platform support module: /Applications/Unity/Hub/Editor/6000.5.4f1/PlaybackEngines/WebGLSupport/UnityEditor.WebGL.Extensions.dll
Register platform support module: /Applications/Unity/Hub/Editor/6000.5.4f1/PlaybackEngines/MacStandaloneSupport/UnityEditor.OSXStandalone.Extensions.dll
Registered in 0.001586 seconds.
Native extension for OSXStandalone target not found
Native extension for WebGL target not found
Package Manager log level set to [2]
ScheduleIndexationOnStartup MainProcess:False IndexOnStartup:True
Mono: successfully reloaded assembly
- Finished resetting the current domain, in  0.394 seconds
Domain Reload Profiling: 958ms
	BeginReloadAssembly (185ms)
		CreateAndSetChildDomain (17ms)
	RebuildCommonClasses (5ms)
	RebuildNativeTypeToScriptingClass (24ms)
	initialDomainReloadingComplete (50ms)
	LoadAllAssembliesAndSetupDomain (298ms)
		LoadAssemblies (168ms)
		AnalyzeDomain (231ms)
			TypeCache.Refresh (230ms)
				TypeCache.ScanAssembly (210ms)
	FinalizeReload (396ms)
		SetupLoadedEditorAssemblies (0ms)
			InitializePlatformSupportModulesInManaged (3ms)
			BeforeProcessingInitializeOnLoad (81ms)
			ProcessInitializeOnLoadAttributes (93ms)
			ProcessInitializeOnLoadMethodAttributes (137ms)
[Licensing::Module] Error: The connection with the Unity Licensing Client has been lost. Attempting to reconnect.
[Licensing::IpcConnector] Successfully connected to: "LicenseClient-sayeh" at "2026-07-21T13:07:50.849839Z"
[Licensing::Client] Error: HandshakeResponse reported an error:
	ResponseCode: 505
	ResponseStatus: Unsupported protocol version '1.18.1'.
[Licensing::Module] Error: Failed to handshake to channel: "LicenseClient-sayeh"
[Licensing::IpcConnector] LicenseClient-sayeh channel disconnected successfully.
[Licensing::IpcConnector] Successfully connected to: "LicenseClient-sayeh-6000.5.4" at "2026-07-21T13:07:51.205327Z"
[Licensing::Module] LicensingClient has failed validation; ignoring
